Loaded workers = 5
Indexing ENABLED
Indexing root set to: /home
Process ID: 167661
Starting offline indexing...
Traversal complete. Total paths queued: 5017
Indexing finished.
Indexing took: 27 seconds
Loaded workers = 5
Indexing ENABLED
Indexing root set to: /home
Process ID: 167847
Starting offline indexing...
Traversal complete. Total paths queued: 5019
Loaded workers = 5
Indexing ENABLED
Indexing root set to: /home
Process ID: 167985
Starting offline indexing...
Traversal complete. Total paths queued: 5020
Indexing finished.
Indexing took: 28 seconds
Loaded workers = 5
Indexing ENABLED
Indexing root set to: /home
Process ID: 168096
Starting offline indexing...
Traversal complete. Total paths queued: 5021
Indexing finished.
Indexing took: 27 seconds
Loaded workers = 5
Indexing ENABLED
Indexing root set to: /home
Process ID: 169185
Starting offline indexing...
Traversal complete. Total paths queued: 5030
